<?xml version="1.0" encoding="UTF-8"?>
<testng-results ignored="0" total="1" passed="1" failed="0" skipped="0">
  <reporter-output>
  </reporter-output>
  <suite started-at="2024-03-07T11:10:16 IST" name="Default suite" finished-at="2024-03-07T11:10:16 IST" duration-ms="37">
    <groups>
    </groups>
    <test started-at="2024-03-07T11:10:16 IST" name="Default test" finished-at="2024-03-07T11:10:16 IST" duration-ms="37">
      <class name="propertyfiles.Generic_property">
        <test-method signature="Fetch_property()[pri:0, instance:propertyfiles.Generic_property@4efc180e]" started-at="2024-03-07T11:10:16 IST" name="Fetch_property" finished-at="2024-03-07T11:10:16 IST" duration-ms="7" status="PASS">
          <reporter-output>
          </reporter-output>
        </test-method> <!-- Fetch_property -->
      </class> <!-- propertyfiles.Generic_property -->
    </test> <!-- Default test -->
  </suite> <!-- Default suite -->
</testng-results>
