<?xml version="1.0" encoding="UTF-8"?>
<!-- Generated by org.testng.reporters.JUnitXMLReporter -->
<testsuite ignored="0" hostname="DESKTOP-ODI68ID" failures="1" tests="3" name="Test" time="0.092" errors="0" timestamp="2024-03-06T11:05:16 IST">
  <testcase classname="listeners.Runner" name="sentItems" time="0.016">
    <failure type="java.lang.AssertionError" message="null">
      <![CDATA[java.lang.AssertionError: null
at listeners.Runner.sentItems(Runner.java:16)
at java.base/java.util.ArrayList.forEach(ArrayList.java:1511)
... Removed 29 stack frames]]>
    </failure>
  </testcase> <!-- sentItems -->
  <testcase classname="listeners.Runner" name="compose" time="0.003"/>
  <testcase classname="listeners.Runner" name="trash" time="0.0">
    <skipped/>
  </testcase> <!-- trash -->
</testsuite> <!-- Test -->
