<?xml version="1.0" encoding="UTF-8"?>
<testng-results ignored="0" total="1" passed="1" failed="0" skipped="0">
  <reporter-output>
  </reporter-output>
  <suite started-at="2024-03-12T13:47:47 IST" name="Default suite" finished-at="2024-03-12T13:47:52 IST" duration-ms="5174">
    <groups>
    </groups>
    <test started-at="2024-03-12T13:47:47 IST" name="Default test" finished-at="2024-03-12T13:47:52 IST" duration-ms="5174">
      <class name="mytest.Basic_scripts">
        <test-method signature="basicTestscriptUsingWebdriverManager()[pri:0, instance:mytest.Basic_scripts@28f2a10f]" started-at="2024-03-12T13:47:47 IST" name="basicTestscriptUsingWebdriverManager" finished-at="2024-03-12T13:47:52 IST" duration-ms="5136" status="PASS">
          <reporter-output>
          </reporter-output>
        </test-method> <!-- basicTestscriptUsingWebdriverManager -->
      </class> <!-- mytest.Basic_scripts -->
    </test> <!-- Default test -->
  </suite> <!-- Default suite -->
</testng-results>
